c:\users\hxh\documents\visual studio 2015\projects\数字图像处理\13_coins_fast_class\coins\debug\vc140.pdb
c:\users\hxh\documents\visual studio 2015\projects\数字图像处理\13_coins_fast_class\coins\debug\vc140.idb
c:\users\hxh\documents\visual studio 2015\projects\数字图像处理\13_coins_fast_class\coins\debug\coins.obj
c:\users\hxh\documents\visual studio 2015\projects\数字图像处理\13_coins_fast_class\coins\debug\rmwimgprocframe.obj
c:\users\hxh\documents\visual studio 2015\projects\数字图像处理\13_coins_fast_class\debug\coins.pdb
c:\users\hxh\documents\visual studio 2015\projects\数字图像处理\13_coins_fast_class\coins\debug\coins.tlog\cl.command.1.tlog
c:\users\hxh\documents\visual studio 2015\projects\数字图像处理\13_coins_fast_class\coins\debug\coins.tlog\cl.read.1.tlog
c:\users\hxh\documents\visual studio 2015\projects\数字图像处理\13_coins_fast_class\coins\debug\coins.tlog\cl.write.1.tlog
c:\users\hxh\documents\visual studio 2015\projects\数字图像处理\13_coins_fast_class\coins\debug\coins.tlog\link-cvtres.read.1.tlog
c:\users\hxh\documents\visual studio 2015\projects\数字图像处理\13_coins_fast_class\coins\debug\coins.tlog\link-cvtres.write.1.tlog
c:\users\hxh\documents\visual studio 2015\projects\数字图像处理\13_coins_fast_class\coins\debug\coins.tlog\link-rc.read.1.tlog
c:\users\hxh\documents\visual studio 2015\projects\数字图像处理\13_coins_fast_class\coins\debug\coins.tlog\link-rc.write.1.tlog
c:\users\hxh\documents\visual studio 2015\projects\数字图像处理\13_coins_fast_class\coins\debug\coins.tlog\link.3700-cvtres.read.1.tlog
c:\users\hxh\documents\visual studio 2015\projects\数字图像处理\13_coins_fast_class\coins\debug\coins.tlog\link.3700-cvtres.write.1.tlog
c:\users\hxh\documents\visual studio 2015\projects\数字图像处理\13_coins_fast_class\coins\debug\coins.tlog\link.3700-rc.read.1.tlog
c:\users\hxh\documents\visual studio 2015\projects\数字图像处理\13_coins_fast_class\coins\debug\coins.tlog\link.3700-rc.write.1.tlog
c:\users\hxh\documents\visual studio 2015\projects\数字图像处理\13_coins_fast_class\coins\debug\coins.tlog\link.3700.read.1.tlog
c:\users\hxh\documents\visual studio 2015\projects\数字图像处理\13_coins_fast_class\coins\debug\coins.tlog\link.3700.write.1.tlog
c:\users\hxh\documents\visual studio 2015\projects\数字图像处理\13_coins_fast_class\coins\debug\coins.tlog\link.command.1.tlog
c:\users\hxh\documents\visual studio 2015\projects\数字图像处理\13_coins_fast_class\coins\debug\coins.tlog\link.read.1.tlog
c:\users\hxh\documents\visual studio 2015\projects\数字图像处理\13_coins_fast_class\coins\debug\coins.tlog\link.write.1.tlog
